#
# There is insufficient memory for the Java Runtime Environment to continue.
# Native memory allocation (mmap) failed to map 138936320 bytes for committing reserved memory.
# Possible reasons:
#   The system is out of physical RAM or swap space
#   In 32 bit mode, the process size limit was hit
# Possible solutions:
#   Reduce memory load on the system
#   Increase physical memory or swap space
#   Check if swap backing store is full
#   Use 64 bit Java on a 64 bit OS
#   Decrease Java heap size (-Xmx/-Xms)
#   Decrease number of Java threads
#   Decrease Java thread stack sizes (-Xss)
#   Set larger code cache with -XX:ReservedCodeCacheSize=
# This output file may be truncated or incomplete.
#
#  Out of Memory Error (os_linux.cpp:2640), pid=7658, tid=0x00007fd6cfefe700
#
# JRE version: OpenJDK Runtime Environment (8.0_144-b01) (build 1.8.0_144-b01)
# Java VM: OpenJDK 64-Bit Server VM (25.144-b01 mixed mode linux-amd64 compressed oops)
# Core dump written. Default location: /home/anushri/eclipse-workspace/TrickorTreat/core or core.7658
#

---------------  T H R E A D  ---------------

Current thread (0x00007fd6f0078800):  VMThread [stack: 0x00007fd6cfdfe000,0x00007fd6cfeff000] [id=7668]

Stack: [0x00007fd6cfdfe000,0x00007fd6cfeff000],  sp=0x00007fd6cfefd440,  free space=1021k
Native frames: (J=compiled Java code, j=interpreted, Vv=VM code, C=native code)
V  [libjvm.so+0xaa3d82]
V  [libjvm.so+0x4d85e7]
V  [libjvm.so+0x8e0be0]
V  [libjvm.so+0x8db29e]
V  [libjvm.so+0x95af06]
V  [libjvm.so+0x949b7a]
V  [libjvm.so+0x949d48]
V  [libjvm.so+0x94a950]
V  [libjvm.so+0x950cec]
V  [libjvm.so+0x958dd5]
V  [libjvm.so+0x907808]
V  [libjvm.so+0xaa59e2]
V  [libjvm.so+0xaaaa76]
V  [libjvm.so+0xaa82a1]
V  [libjvm.so+0xaa9743]
V  [libjvm.so+0xaa9b27]
V  [libjvm.so+0x8de152]

VM_Operation (0x00007fd69b3cfc80): ParallelGCFailedAllocation, mode: safepoint, requested by thread 0x00007fd6a0006800


---------------  P R O C E S S  ---------------

Java Threads: ( => current thread )
  0x00007fd6f0698800 JavaThread "Read Thread" [_thread_blocked, id=7691, stack(0x00007fd69a12f000,0x00007fd69a230000)]
  0x00007fd6f0686000 JavaThread "Selecting Thread" [_thread_in_native, id=7690, stack(0x00007fd69a230000,0x00007fd69a331000)]
  0x00007fd6f050f800 JavaThread "Thread-3" [_thread_blocked, id=7689, stack(0x00007fd69a592000,0x00007fd69a693000)]
  0x00007fd6f0522000 JavaThread "TimerQueue" daemon [_thread_blocked, id=7685, stack(0x00007fd69a693000,0x00007fd69a794000)]
  0x00007fd6f063e800 JavaThread "Tool Tip Thread" [_thread_blocked, id=7684, stack(0x00007fd69a994000,0x00007fd69aa95000)]
  0x00007fd6a0006800 JavaThread "AWT-EventQueue-0" [_thread_blocked, id=7681, stack(0x00007fd69b2d2000,0x00007fd69b3d3000)]
  0x00007fd6f0595800 JavaThread "AWT-Shutdown" [_thread_blocked, id=7680, stack(0x00007fd69b3d3000,0x00007fd69b4d4000)]
  0x00007fd6f051c800 JavaThread "Thread-0" [_thread_blocked, id=7679, stack(0x00007fd69baff000,0x00007fd69bc00000)]
  0x00007fd6f0355800 JavaThread "AWT-XAWT" daemon [_thread_blocked, id=7678, stack(0x00007fd6cc162000,0x00007fd6cc263000)]
  0x00007fd6f0331000 JavaThread "Java2D Disposer" daemon [_thread_blocked, id=7677, stack(0x00007fd6cc673000,0x00007fd6cc774000)]
  0x00007fd6f00c8800 JavaThread "Service Thread" daemon [_thread_blocked, id=7675, stack(0x00007fd6cf55c000,0x00007fd6cf65d000)]
  0x00007fd6f00bd800 JavaThread "C1 CompilerThread2" daemon [_thread_blocked, id=7674, stack(0x00007fd6cf65d000,0x00007fd6cf75e000)]
  0x00007fd6f00bb800 JavaThread "C2 CompilerThread1" daemon [_thread_blocked, id=7673, stack(0x00007fd6cf75e000,0x00007fd6cf85f000)]
  0x00007fd6f00b9000 JavaThread "C2 CompilerThread0" daemon [_thread_blocked, id=7672, stack(0x00007fd6cf85f000,0x00007fd6cf960000)]
  0x00007fd6f00b4800 JavaThread "Signal Dispatcher" daemon [_thread_blocked, id=7671, stack(0x00007fd6cf960000,0x00007fd6cfa61000)]
  0x00007fd6f0084800 JavaThread "Finalizer" daemon [_thread_blocked, id=7670, stack(0x00007fd6cfbfc000,0x00007fd6cfcfd000)]
  0x00007fd6f0080000 JavaThread "Reference Handler" daemon [_thread_blocked, id=7669, stack(0x00007fd6cfcfd000,0x00007fd6cfdfe000)]
  0x00007fd6f000a800 JavaThread "main" [_thread_blocked, id=7663, stack(0x00007fd6f8949000,0x00007fd6f8a4a000)]

Other Threads:
=>0x00007fd6f0078800 VMThread [stack: 0x00007fd6cfdfe000,0x00007fd6cfeff000] [id=7668]
  0x00007fd6f00cb000 WatcherThread [stack: 0x00007fd6cf45b000,0x00007fd6cf55c000] [id=7676]

VM state:at safepoint (normal execution)

VM Mutex/Monitor currently owned by a thread:  ([mutex/lock_event])
[0x00007fd6f0006b70] ExpandHeap_lock - owner thread: 0x00007fd6f0078800
[0x00007fd6f00071f0] Threads_lock - owner thread: 0x00007fd6f0078800
[0x00007fd6f00076f0] Heap_lock - owner thread: 0x00007fd6a0006800

Heap:
 PSYoungGen      total 603648K, used 514K [0x00000000d7100000, 0x0000000100000000, 0x0000000100000000)
  eden space 544768K, 0% used [0x00000000d7100000,0x00000000d7100000,0x00000000f8500000)
  from space 58880K, 0% used [0x00000000fc680000,0x00000000fc700a18,0x0000000100000000)
  to   space 62976K, 0% used [0x00000000f8500000,0x00000000f8500000,0x00000000fc280000)
 ParOldGen       total 324096K, used 323953K [0x0000000085200000, 0x0000000098e80000, 0x00000000d7100000)
  object space 324096K, 99% used [0x0000000085200000,0x0000000098e5c628,0x0000000098e80000)
 Metaspace       used 23926K, capacity 24246K, committed 24448K, reserved 1071104K
  class space    used 3053K, capacity 3152K, committed 3200K, reserved 1048576K

Card table byte_map: [0x00007fd6f5160000,0x00007fd6f5538000] byte_map_base: 0x00007fd6f4d37000

Marking Bits: (ParMarkBitMap*) 0x00007fd6f7c45120
 Begin Bits: [0x00007fd6dd290000, 0x00007fd6df148000)
 End Bits:   [0x00007fd6df148000, 0x00007fd6e1000000)

Polling page: 0x00007fd6f8a84000

CodeCache: size=245760Kb used=13444Kb max_used=14732Kb free=232315Kb
 bounds [0x00007fd6e1000000, 0x00007fd6e1e80000, 0x00007fd6f0000000]
 total_blobs=4418 nmethods=3802 adapters=526
 compilation: enabled

Compilation events (10 events):
Event: 164.752 Thread 0x00007fd6f00bd800 nmethod 4914 0x00007fd6e1158410 code [0x00007fd6e1158740, 0x00007fd6e115a7e8]
Event: 164.999 Thread 0x00007fd6f00bd800 4916       3       sun.swing.SwingUtilities2::drawChars (379 bytes)
Event: 165.007 Thread 0x00007fd6f00bd800 nmethod 4916 0x00007fd6e173e990 code [0x00007fd6e173eea0, 0x00007fd6e1742708]
Event: 165.007 Thread 0x00007fd6f00bd800 4915       3       sun.swing.SwingUtilities2::drawRect (79 bytes)
Event: 165.008 Thread 0x00007fd6f00bd800 nmethod 4915 0x00007fd6e18cd310 code [0x00007fd6e18cd4c0, 0x00007fd6e18cdb28]
Event: 165.008 Thread 0x00007fd6f00bd800 4917       3       sun.font.GlyphList::setFromChars (93 bytes)
Event: 165.008 Thread 0x00007fd6f00bd800 nmethod 4917 0x00007fd6e1403310 code [0x00007fd6e14034a0, 0x00007fd6e1403868]
Event: 166.657 Thread 0x00007fd6f00bb800 4918   !   4       java.awt.KeyboardFocusManager::getFocusOwner (42 bytes)
Event: 166.670 Thread 0x00007fd6f00bb800 nmethod 4918 0x00007fd6e1944110 code [0x00007fd6e1944280, 0x00007fd6e1944618]
Event: 166.752 Thread 0x00007fd6f00b9000 4919       4       javax.swing.text.PlainView::drawElement (399 bytes)

GC Heap History (10 events):
Event: 107.678 GC heap after
Heap after GC invocations=18 (full 3):
 PSYoungGen      total 625152K, used 38955K [0x00000000d7100000, 0x0000000100000000, 0x0000000100000000)
  eden space 585728K, 0% used [0x00000000d7100000,0x00000000d7100000,0x00000000fad00000)
  from space 39424K, 98% used [0x00000000fad00000,0x00000000fd30af50,0x00000000fd380000)
  to   space 45568K, 0% used [0x00000000fd380000,0x00000000fd380000,0x0000000100000000)
 ParOldGen       total 212992K, used 159764K [0x0000000085200000, 0x0000000092200000, 0x00000000d7100000)
  object space 212992K, 75% used [0x0000000085200000,0x000000008ee050d8,0x0000000092200000)
 Metaspace       used 23785K, capacity 24054K, committed 24192K, reserved 1071104K
  class space    used 3048K, capacity 3152K, committed 3200K, reserved 1048576K
}
Event: 151.714 GC heap before
{Heap before GC invocations=19 (full 3):
 PSYoungGen      total 625152K, used 624683K [0x00000000d7100000, 0x0000000100000000, 0x0000000100000000)
  eden space 585728K, 100% used [0x00000000d7100000,0x00000000fad00000,0x00000000fad00000)
  from space 39424K, 98% used [0x00000000fad00000,0x00000000fd30af50,0x00000000fd380000)
  to   space 45568K, 0% used [0x00000000fd380000,0x00000000fd380000,0x0000000100000000)
 ParOldGen       total 212992K, used 159764K [0x0000000085200000, 0x0000000092200000, 0x00000000d7100000)
  object space 212992K, 75% used [0x0000000085200000,0x000000008ee050d8,0x0000000092200000)
 Metaspace       used 23862K, capacity 24182K, committed 24448K, reserved 1071104K
  class space    used 3053K, capacity 3152K, committed 3200K, reserved 1048576K
Event: 151.805 GC heap after
Heap after GC invocations=19 (full 3):
 PSYoungGen      total 608768K, used 42041K [0x00000000d7100000, 0x0000000100000000, 0x0000000100000000)
  eden space 563200K, 0% used [0x00000000d7100000,0x00000000d7100000,0x00000000f9700000)
  from space 45568K, 92% used [0x00000000fd380000,0x00000000ffc8e738,0x0000000100000000)
  to   space 53760K, 0% used [0x00000000f9700000,0x00000000f9700000,0x00000000fcb80000)
 ParOldGen       total 212992K, used 198543K [0x0000000085200000, 0x0000000092200000, 0x00000000d7100000)
  object space 212992K, 93% used [0x0000000085200000,0x00000000913e3c58,0x0000000092200000)
 Metaspace       used 23862K, capacity 24182K, committed 24448K, reserved 1071104K
  class space    used 3053K, capacity 3152K, committed 3200K, reserved 1048576K
}
Event: 151.805 GC heap before
{Heap before GC invocations=20 (full 4):
 PSYoungGen      total 608768K, used 42041K [0x00000000d7100000, 0x0000000100000000, 0x0000000100000000)
  eden space 563200K, 0% used [0x00000000d7100000,0x00000000d7100000,0x00000000f9700000)
  from space 45568K, 92% used [0x00000000fd380000,0x00000000ffc8e738,0x0000000100000000)
  to   space 53760K, 0% used [0x00000000f9700000,0x00000000f9700000,0x00000000fcb80000)
 ParOldGen       total 212992K, used 198543K [0x0000000085200000, 0x0000000092200000, 0x00000000d7100000)
  object space 212992K, 93% used [0x0000000085200000,0x00000000913e3c58,0x0000000092200000)
 Metaspace       used 23862K, capacity 24182K, committed 24448K, reserved 1071104K
  class space    used 3053K, capacity 3152K, committed 3200K, reserved 1048576K
Event: 152.429 GC heap after
Heap after GC invocations=20 (full 4):
 PSYoungGen      total 608768K, used 24951K [0x00000000d7100000, 0x0000000100000000, 0x0000000100000000)
  eden space 563200K, 0% used [0x00000000d7100000,0x00000000d7100000,0x00000000f9700000)
  from space 45568K, 54% used [0x00000000fd380000,0x00000000febdde98,0x0000000100000000)
  to   space 53760K, 0% used [0x00000000f9700000,0x00000000f9700000,0x00000000fcb80000)
 ParOldGen       total 324096K, used 212910K [0x0000000085200000, 0x0000000098e80000, 0x00000000d7100000)
  object space 324096K, 65% used [0x0000000085200000,0x00000000921eb840,0x0000000098e80000)
 Metaspace       used 23862K, capacity 24182K, committed 24448K, reserved 1071104K
  class space    used 3053K, capacity 3152K, committed 3200K, reserved 1048576K
}
Event: 159.195 GC heap before
{Heap before GC invocations=21 (full 4):
 PSYoungGen      total 608768K, used 588151K [0x00000000d7100000, 0x0000000100000000, 0x0000000100000000)
  eden space 563200K, 100% used [0x00000000d7100000,0x00000000f9700000,0x00000000f9700000)
  from space 45568K, 54% used [0x00000000fd380000,0x00000000febdde98,0x0000000100000000)
  to   space 53760K, 0% used [0x00000000f9700000,0x00000000f9700000,0x00000000fcb80000)
 ParOldGen       total 324096K, used 212910K [0x0000000085200000, 0x0000000098e80000, 0x00000000d7100000)
  object space 324096K, 65% used [0x0000000085200000,0x00000000921eb840,0x0000000098e80000)
 Metaspace       used 23912K, capacity 24246K, committed 24448K, reserved 1071104K
  class space    used 3053K, capacity 3152K, committed 3200K, reserved 1048576K
Event: 159.297 GC heap after
Heap after GC invocations=21 (full 4):
 PSYoungGen      total 608256K, used 44724K [0x00000000d7100000, 0x0000000100000000, 0x0000000100000000)
  eden space 563200K, 0% used [0x00000000d7100000,0x00000000d7100000,0x00000000f9700000)
  from space 45056K, 99% used [0x00000000f9700000,0x00000000fc2ad090,0x00000000fc300000)
  to   space 58880K, 0% used [0x00000000fc680000,0x00000000fc680000,0x0000000100000000)
 ParOldGen       total 324096K, used 238238K [0x0000000085200000, 0x0000000098e80000, 0x00000000d7100000)
  object space 324096K, 73% used [0x0000000085200000,0x0000000093aa7840,0x0000000098e80000)
 Metaspace       used 23912K, capacity 24246K, committed 24448K, reserved 1071104K
  class space    used 3053K, capacity 3152K, committed 3200K, reserved 1048576K
}
Event: 166.897 GC heap before
{Heap before GC invocations=22 (full 4):
 PSYoungGen      total 608256K, used 607924K [0x00000000d7100000, 0x0000000100000000, 0x0000000100000000)
  eden space 563200K, 100% used [0x00000000d7100000,0x00000000f9700000,0x00000000f9700000)
  from space 45056K, 99% used [0x00000000f9700000,0x00000000fc2ad090,0x00000000fc300000)
  to   space 58880K, 0% used [0x00000000fc680000,0x00000000fc680000,0x0000000100000000)
 ParOldGen       total 324096K, used 238238K [0x0000000085200000, 0x0000000098e80000, 0x00000000d7100000)
  object space 324096K, 73% used [0x0000000085200000,0x0000000093aa7840,0x0000000098e80000)
 Metaspace       used 23926K, capacity 24246K, committed 24448K, reserved 1071104K
  class space    used 3053K, capacity 3152K, committed 3200K, reserved 1048576K
Event: 167.064 GC heap after
Heap after GC invocations=22 (full 4):
 PSYoungGen      total 603648K, used 44593K [0x00000000d7100000, 0x0000000100000000, 0x0000000100000000)
  eden space 544768K, 0% used [0x00000000d7100000,0x00000000d7100000,0x00000000f8500000)
  from space 58880K, 75% used [0x00000000fc680000,0x00000000ff20c528,0x0000000100000000)
  to   space 62976K, 0% used [0x00000000f8500000,0x00000000f8500000,0x00000000fc280000)
 ParOldGen       total 324096K, used 283385K [0x0000000085200000, 0x0000000098e80000, 0x00000000d7100000)
  object space 324096K, 87% used [0x0000000085200000,0x00000000966be7e0,0x0000000098e80000)
 Metaspace       used 23926K, capacity 24246K, committed 24448K, reserved 1071104K
  class space    used 3053K, capacity 3152K, committed 3200K, reserved 1048576K
}
Event: 167.064 GC heap before
{Heap before GC invocations=23 (full 5):
 PSYoungGen      total 603648K, used 44593K [0x00000000d7100000, 0x0000000100000000, 0x0000000100000000)
  eden space 544768K, 0% used [0x00000000d7100000,0x00000000d7100000,0x00000000f8500000)
  from space 58880K, 75% used [0x00000000fc680000,0x00000000ff20c528,0x0000000100000000)
  to   space 62976K, 0% used [0x00000000f8500000,0x00000000f8500000,0x00000000fc280000)
 ParOldGen       total 324096K, used 283385K [0x0000000085200000, 0x0000000098e80000, 0x00000000d7100000)
  object space 324096K, 87% used [0x0000000085200000,0x00000000966be7e0,0x0000000098e80000)
 Metaspace       used 23926K, capacity 24246K, committed 24448K, reserved 1071104K
  class space    used 3053K, capacity 3152K, committed 3200K, reserved 1048576K

Deoptimization events (10 events):
Event: 84.068 Thread 0x00007fd6a0006800 Uncommon trap: reason=unstable_if action=reinterpret pc=0x00007fd6e1515d08 method=sun.java2d.loops.ProcessPath.ProcessMonotonicCubic(Lsun/java2d/loops/ProcessPath$ProcessHandler;[F[I)V @ 493
Event: 84.069 Thread 0x00007fd6a0006800 Uncommon trap: reason=unstable_if action=reinterpret pc=0x00007fd6e13420b4 method=sun.java2d.loops.ProcessPath$DrawProcessHandler.PROCESS_LINE(IIIIZ[I)V @ 41
Event: 85.916 Thread 0x00007fd6a0006800 Uncommon trap: reason=unstable_if action=reinterpret pc=0x00007fd6e1b65d10 method=sun.java2d.loops.ProcessPath.TESTANDCLIP(FF[FIIII)I @ 8
Event: 85.916 Thread 0x00007fd6a0006800 Uncommon trap: reason=unstable_if action=reinterpret pc=0x00007fd6e18b920c method=sun.java2d.loops.ProcessPath.TESTANDCLIP(FF[FIIII)I @ 8
Event: 100.078 Thread 0x00007fd6f000a800 Uncommon trap: reason=unstable_if action=reinterpret pc=0x00007fd6e13dc950 method=java.util.HashMap.putVal(ILjava/lang/Object;Ljava/lang/Object;ZZ)Ljava/lang/Object; @ 206
Event: 141.510 Thread 0x00007fd6f0686000 Uncommon trap: reason=unstable_if action=reinterpret pc=0x00007fd6e1308060 method=java.util.HashMap$HashIterator.<init>(Ljava/util/HashMap;)V @ 45
Event: 141.534 Thread 0x00007fd6f0686000 Uncommon trap: reason=class_check action=maybe_recompile pc=0x00007fd6e19017dc method=java.util.AbstractCollection.toString()Ljava/lang/String; @ 1
Event: 141.617 Thread 0x00007fd6f0686000 Uncommon trap: reason=unstable_if action=reinterpret pc=0x00007fd6e11ff320 method=java.util.HashMap$HashIterator.<init>(Ljava/util/HashMap;)V @ 45
Event: 141.620 Thread 0x00007fd6f0686000 Uncommon trap: reason=class_check action=maybe_recompile pc=0x00007fd6e19017dc method=java.util.AbstractCollection.toString()Ljava/lang/String; @ 1
Event: 141.701 Thread 0x00007fd6f0686000 Uncommon trap: reason=class_check action=maybe_recompile pc=0x00007fd6e19017dc method=java.util.AbstractCollection.toString()Ljava/lang/String; @ 1

Internal exceptions (10 events):
Event: 5.983 Thread 0x00007fd6f000a800 Exception <a 'java/lang/ClassNotFoundException': bus/uigen/beans/infos/AHalloweenCommandProcessorBeanInfo> (0x00000000e2735348) thrown at [/build/java8-openjdk/src/jdk8u-jdk8u144-b01/hotspot/src/share/vm/classfile/systemDictionary.cpp, line 210]
Event: 5.983 Thread 0x00007fd6f000a800 Exception <a 'java/lang/ClassNotFoundException': stringProcessors/AHalloweenCommandProcessorCustomizer> (0x00000000e273db60) thrown at [/build/java8-openjdk/src/jdk8u-jdk8u144-b01/hotspot/src/share/vm/classfile/systemDictionary.cpp, line 210]
Event: 6.037 Thread 0x00007fd6a0006800 Exception <a 'java/lang/UnsupportedOperationException': > (0x00000000e3a790b0) thrown at [/build/java8-openjdk/src/jdk8u-jdk8u144-b01/hotspot/src/share/vm/prims/jni.cpp, line 735]
Event: 6.062 Thread 0x00007fd6f000a800 Exception <a 'java/lang/ClassNotFoundException': stringProcessors/HalloweenCommandProcessorBeanInfo> (0x00000000e27c2990) thrown at [/build/java8-openjdk/src/jdk8u-jdk8u144-b01/hotspot/src/share/vm/classfile/systemDictionary.cpp, line 210]
Event: 6.063 Thread 0x00007fd6f000a800 Exception <a 'java/lang/ClassNotFoundException': bus/uigen/beans/infos/HalloweenCommandProcessorBeanInfo> (0x00000000e27cb2a8) thrown at [/build/java8-openjdk/src/jdk8u-jdk8u144-b01/hotspot/src/share/vm/classfile/systemDictionary.cpp, line 210]
Event: 6.065 Thread 0x00007fd6f000a800 Exception <a 'java/lang/ClassNotFoundException': stringProcessors/HalloweenCommandProcessorCustomizer> (0x00000000e27d3940) thrown at [/build/java8-openjdk/src/jdk8u-jdk8u144-b01/hotspot/src/share/vm/classfile/systemDictionary.cpp, line 210]
Event: 6.113 Thread 0x00007fd6f000a800 Exception <a 'java/lang/NoSuchMethodError': <clinit>> (0x00000000e3e4b528) thrown at [/build/java8-openjdk/src/jdk8u-jdk8u144-b01/hotspot/src/share/vm/prims/jni.cpp, line 1613]
Event: 6.119 Thread 0x00007fd6f000a800 Implicit null exception at 0x00007fd6e19051b7 to 0x00007fd6e190579d
Event: 6.406 Thread 0x00007fd6a0006800 Exception <a 'java/lang/UnsupportedOperationException': > (0x00000000e53675e8) thrown at [/build/java8-openjdk/src/jdk8u-jdk8u144-b01/hotspot/src/share/vm/prims/jni.cpp, line 735]
Event: 81.858 Thread 0x00007fd6f000a800 Implicit null exception at 0x00007fd6e16ca13a to 0x00007fd6e16ca4c9

Events (10 events):
Event: 156.914 Thread 0x00007fd6f00bd800 flushing nmethod 0x00007fd6e1ca19d0
Event: 156.914 Thread 0x00007fd6f00bd800 flushing nmethod 0x00007fd6e1cb5850
Event: 156.914 Thread 0x00007fd6f00bd800 flushing nmethod 0x00007fd6e1cb6090
Event: 156.914 Thread 0x00007fd6f00bd800 flushing nmethod 0x00007fd6e1cb8dd0
Event: 156.914 Thread 0x00007fd6f00bd800 flushing nmethod 0x00007fd6e1cbb8d0
Event: 156.914 Thread 0x00007fd6f00bd800 flushing nmethod 0x00007fd6e1cbbcd0
Event: 156.914 Thread 0x00007fd6f00bd800 flushing nmethod 0x00007fd6e1cbc0d0
Event: 159.195 Executing VM operation: ParallelGCFailedAllocation
Event: 159.297 Executing VM operation: ParallelGCFailedAllocation done
Event: 166.888 Executing VM operation: ParallelGCFailedAllocation


Dynamic libraries:
85200000-98e80000 rw-p 00000000 00:00 0 
a1300000-d7100000 ---p 00000000 00:00 0 
d7100000-100000000 rw-p 00000000 00:00 0 
100000000-100320000 rw-p 00000000 00:00 0 
100320000-140000000 ---p 00000000 00:00 0 
55bf63dd1000-55bf63dd2000 r-xp 00000000 08:05 273488                     /usr/lib/jvm/java-8-openjdk/jre/bin/java
55bf63fd1000-55bf63fd2000 r--p 00000000 08:05 273488                     /usr/lib/jvm/java-8-openjdk/jre/bin/java
55bf63fd2000-55bf63fd3000 rw-p 00001000 08:05 273488                     /usr/lib/jvm/java-8-openjdk/jre/bin/java
55bf65fca000-55bf65feb000 rw-p 00000000 00:00 0                          [heap]
7fd664000000-7fd664021000 rw-p 00000000 00:00 0 
7fd664021000-7fd668000000 ---p 00000000 00:00 0 
7fd66c000000-7fd66c021000 rw-p 00000000 00:00 0 
7fd66c021000-7fd670000000 ---p 00000000 00:00 0 
7fd670000000-7fd67002b000 rw-p 00000000 00:00 0 
7fd67002b000-7fd674000000 ---p 00000000 00:00 0 
7fd674000000-7fd674036000 rw-p 00000000 00:00 0 
7fd674036000-7fd678000000 ---p 00000000 00:00 0 
7fd678000000-7fd678021000 rw-p 00000000 00:00 0 
7fd678021000-7fd67c000000 ---p 00000000 00:00 0 
7fd67c000000-7fd67c021000 rw-p 00000000 00:00 0 
7fd67c021000-7fd680000000 ---p 00000000 00:00 0 
7fd680000000-7fd680021000 rw-p 00000000 00:00 0 
7fd680021000-7fd684000000 ---p 00000000 00:00 0 
7fd684000000-7fd684223000 rw-p 00000000 00:00 0 
7fd684223000-7fd688000000 ---p 00000000 00:00 0 
7fd688000000-7fd688175000 rw-p 00000000 00:00 0 
7fd688175000-7fd68c000000 ---p 00000000 00:00 0 
7fd68c000000-7fd68c021000 rw-p 00000000 00:00 0 
7fd68c021000-7fd690000000 ---p 00000000 00:00 0 
7fd690000000-7fd6901d0000 rw-p 00000000 00:00 0 
7fd6901d0000-7fd694000000 ---p 00000000 00:00 0 
7fd694000000-7fd694021000 rw-p 00000000 00:00 0 
7fd694021000-7fd698000000 ---p 00000000 00:00 0 
7fd699f2f000-7fd699fef000 rw-p 00000000 00:00 0 
7fd699fef000-7fd69a12f000 ---p 00000000 00:00 0 
7fd69a12f000-7fd69a132000 ---p 00000000 00:00 0 
7fd69a132000-7fd69a230000 rw-p 00000000 00:00 0 
7fd69a230000-7fd69a233000 ---p 00000000 00:00 0 
7fd69a233000-7fd69a331000 rw-p 00000000 00:00 0 
7fd69a331000-7fd69a334000 ---p 00000000 00:00 0 
7fd69a334000-7fd69a432000 rw-p 00000000 00:00 0 
7fd69a432000-7fd69a435000 ---p 00000000 00:00 0 
7fd69a435000-7fd69a533000 rw-p 00000000 00:00 0 
7fd69a592000-7fd69a595000 ---p 00000000 00:00 0 
7fd69a595000-7fd69a693000 rw-p 00000000 00:00 0 
7fd69a693000-7fd69a696000 ---p 00000000 00:00 0 
7fd69a696000-7fd69a994000 rw-p 00000000 00:00 0 
7fd69a994000-7fd69a997000 ---p 00000000 00:00 0 
7fd69a997000-7fd69aa95000 rw-p 00000000 00:00 0 
7fd69aa95000-7fd69aa98000 ---p 00000000 00:00 0 
7fd69aa98000-7fd69ab96000 rw-p 00000000 00:00 0 
7fd69ab96000-7fd69abd0000 r-xp 00000000 08:05 273528                     /usr/lib/jvm/java-8-openjdk/jre/lib/amd64/libjpeg.so
7fd69abd0000-7fd69adcf000 ---p 0003a000 08:05 273528                     /usr/lib/jvm/java-8-openjdk/jre/lib/amd64/libjpeg.so
7fd69adcf000-7fd69add0000 r--p 00039000 08:05 273528                     /usr/lib/jvm/java-8-openjdk/jre/lib/amd64/libjpeg.so
7fd69add0000-7fd69add1000 rw-p 0003a000 08:05 273528                     /usr/lib/jvm/java-8-openjdk/jre/lib/amd64/libjpeg.so
7fd69add1000-7fd69add4000 ---p 00000000 00:00 0 
7fd69add4000-7fd69b0d2000 rw-p 00000000 00:00 0 
7fd69b0d2000-7fd69b2d2000 rw-p 00000000 00:00 0 
7fd69b2d2000-7fd69b2d5000 ---p 00000000 00:00 0 
7fd69b2d5000-7fd69b3d3000 rw-p 00000000 00:00 0 
7fd69b3d3000-7fd69b3d6000 ---p 00000000 00:00 0 
7fd69b3d6000-7fd69b6d4000 rw-p 00000000 00:00 0 
7fd69b6d4000-7fd69b6eb000 r-xp 00000000 08:05 273536                     /usr/lib/jvm/java-8-openjdk/jre/lib/amd64/libnet.so
7fd69b6eb000-7fd69b8ea000 ---p 00017000 08:05 273536                     /usr/lib/jvm/java-8-openjdk/jre/lib/amd64/libnet.so
7fd69b8ea000-7fd69b8eb000 r--p 00016000 08:05 273536                     /usr/lib/jvm/java-8-openjdk/jre/lib/amd64/libnet.so
7fd69b8eb000-7fd69b8ec000 rw-p 00017000 08:05 273536                     /usr/lib/jvm/java-8-openjdk/jre/lib/amd64/libnet.so
7fd69b8ec000-7fd69b8fd000 r-xp 00000000 08:05 273537                     /usr/lib/jvm/java-8-openjdk/jre/lib/amd64/libnio.so
7fd69b8fd000-7fd69bafd000 ---p 00011000 08:05 273537                     /usr/lib/jvm/java-8-openjdk/jre/lib/amd64/libnio.so
7fd69bafd000-7fd69bafe000 r--p 00011000 08:05 273537                     /usr/lib/jvm/java-8-openjdk/jre/lib/amd64/libnio.so
7fd69bafe000-7fd69baff000 rw-p 00012000 08:05 273537                     /usr/lib/jvm/java-8-openjdk/jre/lib/amd64/libnio.so
7fd69baff000-7fd69bb02000 ---p 00000000 00:00 0 
7fd69bb02000-7fd69be00000 rw-p 00000000 00:00 0 
7fd69be00000-7fd69c000000 rw-p 00000000 00:00 0 
7fd69c000000-7fd69c021000 rw-p 00000000 00:00 0 
7fd69c021000-7fd6a0000000 ---p 00000000 00:00 0 
7fd6a0000000-7fd6a0021000 rw-p 00000000 00:00 0 
7fd6a0021000-7fd6a4000000 ---p 00000000 00:00 0 
7fd6a4000000-7fd6a4021000 rw-p 00000000 00:00 0 
7fd6a4021000-7fd6a8000000 ---p 00000000 00:00 0 
7fd6a8000000-7fd6a8021000 rw-p 00000000 00:00 0 
7fd6a8021000-7fd6ac000000 ---p 00000000 00:00 0 
7fd6ac000000-7fd6ad1aa000 rw-p 00000000 00:00 0 
7fd6ad1aa000-7fd6b0000000 ---p 00000000 00:00 0 
7fd6b0000000-7fd6b0d9a000 rw-p 00000000 00:00 0 
7fd6b0d9a000-7fd6b4000000 ---p 00000000 00:00 0 
7fd6b4000000-7fd6b4021000 rw-p 00000000 00:00 0 
7fd6b4021000-7fd6b8000000 ---p 00000000 00:00 0 
7fd6b8000000-7fd6b9b3b000 rw-p 00000000 00:00 0 
7fd6b9b3b000-7fd6bc000000 ---p 00000000 00:00 0 
7fd6bc000000-7fd6bc021000 rw-p 00000000 00:00 0 
7fd6bc021000-7fd6c0000000 ---p 00000000 00:00 0 
7fd6c0000000-7fd6c0021000 rw-p 00000000 00:00 0 
7fd6c0021000-7fd6c4000000 ---p 00000000 00:00 0 
7fd6c4000000-7fd6c4079000 rw-p 00000000 00:00 0 
7fd6c4079000-7fd6c8000000 ---p 00000000 00:00 0 
7fd6c8000000-7fd6c8021000 rw-p 00000000 00:00 0 
7fd6c8021000-7fd6cc000000 ---p 00000000 00:00 0 
7fd6cc0a8000-7fd6cc139000 r--s 00000000 08:06 784962                     /home/anushri/.cache/fontconfig/923e285e415b1073c8df160bee08820f-le64.cache-7
7fd6cc139000-7fd6cc162000 r--s 00000000 08:06 784961                     /home/anushri/.cache/fontconfig/8d4af663993b81a124ee82e610bb31f9-le64.cache-7
7fd6cc162000-7fd6cc165000 ---p 00000000 00:00 0 
7fd6cc165000-7fd6cc263000 rw-p 00000000 00:00 0 
7fd6cc263000-7fd6cc268000 r-xp 00000000 08:05 1056340                    /usr/lib/libXfixes.so.3.1.0
7fd6cc268000-7fd6cc467000 ---p 00005000 08:05 1056340                    /usr/lib/libXfixes.so.3.1.0
7fd6cc467000-7fd6cc468000 r--p 00004000 08:05 1056340                    /usr/lib/libXfixes.so.3.1.0
7fd6cc468000-7fd6cc469000 rw-p 00005000 08:05 1056340                    /usr/lib/libXfixes.so.3.1.0
7fd6cc469000-7fd6cc472000 r-xp 00000000 08:05 1072648                    /usr/lib/libXcursor.so.1.0.2
7fd6cc472000-7fd6cc671000 ---p 00009000 08:05 1072648                    /usr/lib/libXcursor.so.1.0.2
7fd6cc671000-7fd6cc672000 r--p 00008000 08:05 1072648                    /usr/lib/libXcursor.so.1.0.2
7fd6cc672000-7fd6cc673000 rw-p 00009000 08:05 1072648                    /usr/lib/libXcursor.so.1.0.2
7fd6cc673000-7fd6cc676000 ---p 00000000 00:00 0 
7fd6cc676000-7fd6cc774000 rw-p 00000000 00:00 0 
7fd6cc774000-7fd6cc7e5000 r-xp 00000000 08:05 1056565                    /usr/lib/libpcre.so.1.2.9
7fd6cc7e5000-7fd6cc9e5000 ---p 00071000 08:05 1056565                    /usr/lib/libpcre.so.1.2.9
7fd6cc9e5000-7fd6cc9e6000 r--p 00071000 08:05 1056565                    /usr/lib/libpcre.so.1.2.9
7fd6cc9e6000-7fd6cc9e7000 rw-p 00072000 08:05 1056565                    /usr/lib/libpcre.so.1.2.9
7fd6cc9e7000-7fd6cca11000 r-xp 00000000 08:05 1072906                    /usr/lib/libgraphite2.so.3.0.1
7fd6cca11000-7fd6ccc10000 ---p 0002a000 08:05 1072906                    /usr/lib/libgraphite2.so.3.0.1
7fd6ccc10000-7fd6ccc12000 r--p 00029000 08:05 1072906                    /usr/lib/libgraphite2.so.3.0.1
7fd6ccc12000-7fd6ccc13000 rw-p 0002b000 08:05 1072906                    /usr/lib/libgraphite2.so.3.0.1
7fd6ccc13000-7fd6ccd26000 r-xp 00000000 08:05 1056436                    /usr/lib/libglib-2.0.so.0.5400.3
7fd6ccd26000-7fd6ccf25000 ---p 00113000 08:05 1056436                    /usr/lib/libglib-2.0.so.0.5400.3
7fd6ccf25000-7fd6ccf26000 r--p 00112000 08:05 1056436                    /usr/lib/libglib-2.0.so.0.5400.3
7fd6ccf26000-7fd6ccf27000 rw-p 00113000 08:05 1056436                    /usr/lib/libglib-2.0.so.0.5400.3
7fd6ccf27000-7fd6ccf28000 rw-p 00000000 00:00 0 
7fd6ccf28000-7fd6ccfc5000 r-xp 00000000 08:05 1072952                    /usr/lib/libharfbuzz.so.0.10704.0
7fd6ccfc5000-7fd6cd1c5000 ---p 0009d000 08:05 1072952                    /usr/lib/libharfbuzz.so.0.10704.0
7fd6cd1c5000-7fd6cd1c7000 r--p 0009d000 08:05 1072952                    /usr/lib/libharfbuzz.so.0.10704.0
7fd6cd1c7000-7fd6cd1c8000 rw-p 0009f000 08:05 1072952                    /usr/lib/libharfbuzz.so.0.10704.0
7fd6cd1c8000-7fd6cd1fd000 r-xp 00000000 08:05 1073220                    /usr/lib/libpng16.so.16.34.0
7fd6cd1fd000-7fd6cd3fc000 ---p 00035000 08:05 1073220                    /usr/lib/libpng16.so.16.34.0
7fd6cd3fc000-7fd6cd3fd000 r--p 00034000 08:05 1073220                    /usr/lib/libpng16.so.16.34.0
7fd6cd3fd000-7fd6cd3fe000 rw-p 00035000 08:05 1073220                    /usr/lib/libpng16.so.16.34.0
7fd6cd3fe000-7fd6cd40d000 r-xp 00000000 08:05 1056359                    /usr/lib/libbz2.so.1.0.6
7fd6cd40d000-7fd6cd60c000 ---p 0000f000 08:05 1056359                    /usr/lib/libbz2.so.1.0.6
7fd6cd60c000-7fd6cd60d000 r--p 0000e000 08:05 1056359                    /usr/lib/libbz2.so.1.0.6
7fd6cd60d000-7fd6cd60e000 rw-p 0000f000 08:05 1056359                    /usr/lib/libbz2.so.1.0.6
7fd6cd60e000-7fd6cd624000 r-xp 00000000 08:05 1056426                    /usr/lib/libgcc_s.so.1
7fd6cd624000-7fd6cd823000 ---p 00016000 08:05 1056426                    /usr/lib/libgcc_s.so.1
7fd6cd823000-7fd6cd824000 r--p 00015000 08:05 1056426                    /usr/lib/libgcc_s.so.1
7fd6cd824000-7fd6cd825000 rw-p 00016000 08:05 1056426                    /usr/lib/libgcc_s.so.1
7fd6cd825000-7fd6cd8e6000 r-xp 00000000 08:05 1072873                    /usr/lib/libfreetype.so.6.16.0
7fd6cd8e6000-7fd6cdae6000 ---p 000c1000 08:05 1072873                    /usr/lib/libfreetype.so.6.16.0
7fd6cdae6000-7fd6cdaed000 r--p 000c1000 08:05 1072873                    /usr/lib/libfreetype.so.6.16.0
7fd6cdaed000-7fd6cdaee000 rw-p 000c8000 08:05 1072873                    /usr/lib/libfreetype.so.6.16.0
7fd6cdaee000-7fd6cdb51000 r-xp 00000000 08:05 273517                     /usr/lib/jvm/java-8-openjdk/jre/lib/amd64/libfontmanager.so
7fd6cdb51000-7fd6cdd50000 ---p 00063000 08:05 273517                     /usr/lib/jvm/java-8-openjdk/jre/lib/amd64/libfontmanager.so
7fd6cdd50000-7fd6cdd53000 r--p 00062000 08:05 273517                     /usr/lib/jvm/java-8-openjdk/jre/lib/amd64/libfontmanager.so
7fd6cdd53000-7fd6cdd54000 rw-p 00065000 08:05 273517                     /usr/lib/jvm/java-8-openjdk/jre/lib/amd64/libfontmanager.so
7fd6cdd54000-7fd6cdd55000 rw-p 00000000 00:00 0 
7fd6cdd55000-7fd6cdd5a000 r-xp 00000000 08:05 1056338                    /usr/lib/libXdmcp.so.6.0.0
7fd6cdd5a000-7fd6cdf59000 ---p 00005000 08:05 1056338                    /usr/lib/libXdmcp.so.6.0.0
7fd6cdf59000-7fd6cdf5a000 r--p 00004000 08:05 1056338                    /usr/lib/libXdmcp.so.6.0.0
7fd6cdf5a000-7fd6cdf5b000 rw-p 00005000 08:05 1056338                    /usr/lib/libXdmcp.so.6.0.0
7fd6cdf5b000-7fd6cdf5d000 r-xp 00000000 08:05 1056336                    /usr/lib/libXau.so.6.0.0
7fd6cdf5d000-7fd6ce15d000 ---p 00002000 08:05 1056336                    /usr/lib/libXau.so.6.0.0
7fd6ce15d000-7fd6ce15e000 r--p 00002000 08:05 1056336                    /usr/lib/libXau.so.6.0.0
7fd6ce15e000-7fd6ce15f000 rw-p 00003000 08:05 1056336                    /usr/lib/libXau.so.6.0.0
7fd6ce15f000-7fd6ce187000 r-xp 00000000 08:05 1056661                    /usr/lib/libxcb.so.1.1.0
7fd6ce187000-7fd6ce386000 ---p 00028000 08:05 1056661                    /usr/lib/libxcb.so.1.1.0
7fd6ce386000-7fd6ce387000 r--p 00027000 08:05 1056661                    /usr/lib/libxcb.so.1.1.0
7fd6ce387000-7fd6ce388000 rw-p 00028000 08:05 1056661                    /usr/lib/libxcb.so.1.1.0
7fd6ce388000-7fd6ce397000 r-xp 00000000 08:05 1072651                    /usr/lib/libXi.so.6.1.0
7fd6ce397000-7fd6ce597000 ---p 0000f000 08:05 1072651                    /usr/lib/libXi.so.6.1.0
7fd6ce597000-7fd6ce598000 r--p 0000f000 08:05 1072651                    /usr/lib/libXi.so.6.1.0
7fd6ce598000-7fd6ce599000 rw-p 00010000 08:05 1072651                    /usr/lib/libXi.so.6.1.0
7fd6ce599000-7fd6ce59e000 r-xp 00000000 08:05 1072660                    /usr/lib/libXtst.so.6.1.0
7fd6ce59e000-7fd6ce79d000 ---p 00005000 08:05 1072660                    /usr/lib/libXtst.so.6.1.0
7fd6ce79d000-7fd6ce79e000 r--p 00004000 08:05 1072660                    /usr/lib/libXtst.so.6.1.0
7fd6ce79e000-7fd6ce79f000 rw-p 00005000 08:05 1072660                    /usr/lib/libXtst.so.6.1.0
7fd6ce79f000-7fd6ce7a8000 r-xp 00000000 08:05 1072657                    /usr/lib/libXrender.so.1.3.0
7fd6ce7a8000-7fd6ce9a8000 ---p 00009000 08:05 1072657                    /usr/lib/libXrender.so.1.3.0
7fd6ce9a8000-7fd6ce9a9000 r--p 00009000 08:05 1072657                    /usr/lib/libXrender.so.1.3.0
7fd6ce9a9000-7fd6ce9aa000 rw-p 0000a000 08:05 1072657                    /usr/lib/libXrender.so.1.3.0
7fd6ce9aa000-7fd6ceae3000 r-xp 00000000 08:05 1056335                    /usr/lib/libX11.so.6.3.0
7fd6ceae3000-7fd6cece3000 ---p 00139000 08:05 1056335                    /usr/lib/libX11.so.6.3.0
7fd6cece3000-7fd6cece4000 r--p 00139000 08:05 1056335                    /usr/lib/libX11.so.6.3.0
7fd6cece4000-7fd6cece9000 rw-p 0013a000 08:05 1056335                    /usr/lib/libX11.so.6.3.0
7fd6cece9000-7fd6cecfa000 r-xp 00000000 08:05 1056339                    /usr/lib/libXext.so.6.4.0
7fd6cecfa000-7fd6ceef9000 ---p 00011000 08:05 1056339                    /usr/lib/libXext.so.6.4.0
7fd6ceef9000-7fd6ceefa000 r--p 00010000 08:05 1056339                    /usr/lib/libXext.so.6.4.0
7fd6ceefa000-7fd6ceefb000 rw-p 00011000 08:05 1056339                    /usr/lib/libXext.so.6.4.0
7fd6cef03000-7fd6cef32000 r--s 00000000 08:06 784956                     /home/anushri/.cache/fontconfig/f6b893a7224233d96cb72fd88691c0b4-le64.cache-7
7fd6cef32000-7fd6cef86000 r-xp 00000000 08:05 273515                     /usr/lib/jvm/java-8-openjdk/jre/lib/amd64/libawt_xawt.so
7fd6cef86000-7fd6cf185000 ---p 00054000 08:05 273515                     /usr/lib/jvm/java-8-openjdk/jre/lib/amd64/libawt_xawt.so
7fd6cf185000-7fd6cf186000 r--p 00053000 08:05 273515                     /usr/lib/jvm/java-8-openjdk/jre/lib/amd64/libawt_xawt.so
7fd6cf186000-7fd6cf189000 rw-p 00054000 08:05 273515                     /usr/lib/jvm/java-8-openjdk/jre/lib/amd64/libawt_xawt.so
7fd6cf189000-7fd6cf18a000 rw-p 00000000 00:00 0 
7fd6cf18a000-7fd6cf22b000 r-xp 00000000 08:05 273513                     /usr/lib/jvm/java-8-openjdk/jre/lib/amd64/libawt.so
7fd6cf22b000-7fd6cf42a000 ---p 000a1000 08:05 273513                     /usr/lib/jvm/java-8-openjdk/jre/lib/amd64/libawt.so
7fd6cf42a000-7fd6cf42b000 r--p 000a0000 08:05 273513                     /usr/lib/jvm/java-8-openjdk/jre/lib/amd64/libawt.so
7fd6cf42b000-7fd6cf436000 rw-p 000a1000 08:05 273513                     /usr/lib/jvm/java-8-openjdk/jre/lib/amd64/libawt.so
7fd6cf436000-7fd6cf45b000 rw-p 00000000 00:00 0 
7fd6cf45b000-7fd6cf45c000 ---p 00000000 00:00 0 
7fd6cf45c000-7fd6cf55c000 rw-p 00000000 00:00 0 
7fd6cf55c000-7fd6cf55f000 ---p 00000000 00:00 0 
7fd6cf55f000-7fd6cf65d000 rw-p 00000000 00:00 0 
7fd6cf65d000-7fd6cf660000 ---p 00000000 00:00 0 
7fd6cf660000-7fd6cf75e000 rw-p 00000000 00:00 0 
7fd6cf75e000-7fd6cf761000 ---p 00000000 00:00 0 
7fd6cf761000-7fd6cf85f000 rw-p 00000000 00:00 0 
7fd6cf85f000-7fd6cf862000 ---p 00000000 00:00 0 
7fd6cf862000-7fd6cf960000 rw-p 00000000 00:00 0 
7fd6cf960000-7fd6cf963000 ---p 00000000 00:00 0 
7fd6cf963000-7fd6cfa61000 rw-p 00000000 00:00 0 
7fd6cfa61000-7fd6cfbfc000 r--p 00000000 08:05 1074125                    /usr/lib/locale/locale-archive
7fd6cfbfc000-7fd6cfbff000 ---p 00000000 00:00 0 
7fd6cfbff000-7fd6cfcfd000 rw-p 00000000 00:00 0 
7fd6cfcfd000-7fd6cfd00000 ---p 00000000 00:00 0 
7fd6cfd00000-7fd6cfdfe000 rw-p 00000000 00:00 0 
7fd6cfdfe000-7fd6cfdff000 ---p 00000000 00:00 0 
7fd6cfdff000-7fd6d0000000 rw-p 00000000 00:00 0 
7fd6d0000000-7fd6d0021000 rw-p 00000000 00:00 0 
7fd6d0021000-7fd6d4000000 ---p 00000000 00:00 0 
7fd6d4000000-7fd6d4021000 rw-p 00000000 00:00 0 
7fd6d4021000-7fd6d8000000 ---p 00000000 00:00 0 
7fd6d8000000-7fd6d8021000 rw-p 00000000 00:00 0 
7fd6d8021000-7fd6dc000000 ---p 00000000 00:00 0 
7fd6dc005000-7fd6dc010000 rw-s 00000000 00:05 28049423                   /SYSV00000000 (deleted)
7fd6dc010000-7fd6dc044000 r--s 002db000 08:06 788202                     /home/anushri/Downloads/oeall22.jar
7fd6dc044000-7fd6e1000000 rw-p 00000000 00:00 0 
7fd6e1000000-7fd6e1e80000 rwxp 00000000 00:00 0 
7fd6e1e80000-7fd6f0000000 ---p 00000000 00:00 0 
7fd6f0000000-7fd6f0707000 rw-p 00000000 00:00 0 
7fd6f0707000-7fd6f4000000 ---p 00000000 00:00 0 
7fd6f4001000-7fd6f4006000 r--s 0009a000 08:05 273505                     /usr/lib/jvm/java-8-openjdk/jre/lib/jsse.jar
7fd6f4006000-7fd6f4014000 r--s 00000000 08:06 784960                     /home/anushri/.cache/fontconfig/491f45a0a771fef1c10b9b647a97fb82-le64.cache-7
7fd6f4014000-7fd6f401d000 r--s 00000000 08:06 784955                     /home/anushri/.cache/fontconfig/f349e9996a5320f6dd491cedd2b1f964-le64.cache-7
7fd6f401d000-7fd6f44b1000 rw-p 00000000 00:00 0 
7fd6f44b1000-7fd6f467f000 r--s 03c15000 08:05 273510                     /usr/lib/jvm/java-8-openjdk/jre/lib/rt.jar
7fd6f467f000-7fd6f4acc000 rw-p 00000000 00:00 0 
7fd6f4acc000-7fd6f4acd000 ---p 00000000 00:00 0 
7fd6f4acd000-7fd6f4bcd000 rw-p 00000000 00:00 0 
7fd6f4bcd000-7fd6f4bce000 ---p 00000000 00:00 0 
7fd6f4bce000-7fd6f4cce000 rw-p 00000000 00:00 0 
7fd6f4cce000-7fd6f4ccf000 ---p 00000000 00:00 0 
7fd6f4ccf000-7fd6f4dcf000 rw-p 00000000 00:00 0 
7fd6f4dcf000-7fd6f4dd0000 ---p 00000000 00:00 0 
7fd6f4dd0000-7fd6f4f6f000 rw-p 00000000 00:00 0 
7fd6f4f6f000-7fd6f5160000 ---p 00000000 00:00 0 
7fd6f5160000-7fd6f51ff000 rw-p 00000000 00:00 0 
7fd6f51ff000-7fd6f53ef000 ---p 00000000 00:00 0 
7fd6f53ef000-7fd6f5537000 rw-p 00000000 00:00 0 
7fd6f5537000-7fd6f5572000 rw-p 00000000 00:00 0 
7fd6f5572000-7fd6f58f8000 ---p 00000000 00:00 0 
7fd6f58f8000-7fd6f5900000 r-xp 00000000 08:05 273545                     /usr/lib/jvm/java-8-openjdk/jre/lib/amd64/libzip.so
7fd6f5900000-7fd6f5aff000 ---p 00008000 08:05 273545                     /usr/lib/jvm/java-8-openjdk/jre/lib/amd64/libzip.so
7fd6f5aff000-7fd6f5b00000 r--p 00007000 08:05 273545                     /usr/lib/jvm/java-8-openjdk/jre/lib/amd64/libzip.so
7fd6f5b00000-7fd6f5b01000 rw-p 00008000 08:05 273545                     /usr/lib/jvm/java-8-openjdk/jre/lib/amd64/libzip.so
7fd6f5b01000-7fd6f5b0c000 r-xp 00000000 08:05 1056538                    /usr/lib/libnss_files-2.26.so
7fd6f5b0c000-7fd6f5d0b000 ---p 0000b000 08:05 1056538                    /usr/lib/libnss_files-2.26.so
7fd6f5d0b000-7fd6f5d0c000 r--p 0000a000 08:05 1056538                    /usr/lib/libnss_files-2.26.so
7fd6f5d0c000-7fd6f5d0d000 rw-p 0000b000 08:05 1056538                    /usr/lib/libnss_files-2.26.so
7fd6f5d0d000-7fd6f5d13000 rw-p 00000000 00:00 0 
7fd6f5d13000-7fd6f5d1e000 r-xp 00000000 08:05 1056542                    /usr/lib/libnss_nis-2.26.so
7fd6f5d1e000-7fd6f5f1d000 ---p 0000b000 08:05 1056542                    /usr/lib/libnss_nis-2.26.so
7fd6f5f1d000-7fd6f5f1e000 r--p 0000a000 08:05 1056542                    /usr/lib/libnss_nis-2.26.so
7fd6f5f1e000-7fd6f5f1f000 rw-p 0000b000 08:05 1056542                    /usr/lib/libnss_nis-2.26.so
7fd6f5f1f000-7fd6f5f33000 r-xp 00000000 08:05 1056531                    /usr/lib/libnsl-2.26.so
7fd6f5f33000-7fd6f6133000 ---p 00014000 08:05 1056531                    /usr/lib/libnsl-2.26.so
7fd6f6133000-7fd6f6134000 r--p 00014000 08:05 1056531                    /usr/lib/libnsl-2.26.so
7fd6f6134000-7fd6f6135000 rw-p 00015000 08:05 1056531                    /usr/lib/libnsl-2.26.so
7fd6f6135000-7fd6f6137000 rw-p 00000000 00:00 0 
7fd6f6137000-7fd6f613e000 r-xp 00000000 08:05 1056535                    /usr/lib/libnss_compat-2.26.so
7fd6f613e000-7fd6f633d000 ---p 00007000 08:05 1056535                    /usr/lib/libnss_compat-2.26.so
7fd6f633d000-7fd6f633e000 r--p 00006000 08:05 1056535                    /usr/lib/libnss_compat-2.26.so
7fd6f633e000-7fd6f633f000 rw-p 00007000 08:05 1056535                    /usr/lib/libnss_compat-2.26.so
7fd6f633f000-7fd6f636d000 r-xp 00000000 08:05 273524                     /usr/lib/jvm/java-8-openjdk/jre/lib/amd64/libjava.so
7fd6f636d000-7fd6f656c000 ---p 0002e000 08:05 273524                     /usr/lib/jvm/java-8-openjdk/jre/lib/amd64/libjava.so
7fd6f656c000-7fd6f656d000 r--p 0002d000 08:05 273524                     /usr/lib/jvm/java-8-openjdk/jre/lib/amd64/libjava.so
7fd6f656d000-7fd6f656f000 rw-p 0002e000 08:05 273524                     /usr/lib/jvm/java-8-openjdk/jre/lib/amd64/libjava.so
7fd6f656f000-7fd6f657c000 r-xp 00000000 08:05 273544                     /usr/lib/jvm/java-8-openjdk/jre/lib/amd64/libverify.so
7fd6f657c000-7fd6f677b000 ---p 0000d000 08:05 273544                     /usr/lib/jvm/java-8-openjdk/jre/lib/amd64/libverify.so
7fd6f677b000-7fd6f677d000 r--p 0000c000 08:05 273544                     /usr/lib/jvm/java-8-openjdk/jre/lib/amd64/libverify.so
7fd6f677d000-7fd6f677e000 rw-p 0000e000 08:05 273544                     /usr/lib/jvm/java-8-openjdk/jre/lib/amd64/libverify.so
7fd6f677e000-7fd6f6785000 r-xp 00000000 08:05 1056591                    /usr/lib/librt-2.26.so
7fd6f6785000-7fd6f6984000 ---p 00007000 08:05 1056591                    /usr/lib/librt-2.26.so
7fd6f6984000-7fd6f6985000 r--p 00006000 08:05 1056591                    /usr/lib/librt-2.26.so
7fd6f6985000-7fd6f6986000 rw-p 00007000 08:05 1056591                    /usr/lib/librt-2.26.so
7fd6f6986000-7fd6f6ad1000 r-xp 00000000 08:05 1056493                    /usr/lib/libm-2.26.so
7fd6f6ad1000-7fd6f6cd0000 ---p 0014b000 08:05 1056493                    /usr/lib/libm-2.26.so
7fd6f6cd0000-7fd6f6cd1000 r--p 0014a000 08:05 1056493                    /usr/lib/libm-2.26.so
7fd6f6cd1000-7fd6f6cd2000 rw-p 0014b000 08:05 1056493                    /usr/lib/libm-2.26.so
7fd6f6cd2000-7fd6f7975000 r-xp 00000000 08:05 273548                     /usr/lib/jvm/java-8-openjdk/jre/lib/amd64/server/libjvm.so
7fd6f7975000-7fd6f7b75000 ---p 00ca3000 08:05 273548                     /usr/lib/jvm/java-8-openjdk/jre/lib/amd64/server/libjvm.so
7fd6f7b75000-7fd6f7c09000 r--p 00ca3000 08:05 273548                     /usr/lib/jvm/java-8-openjdk/jre/lib/amd64/server/libjvm.so
7fd6f7c09000-7fd6f7c31000 rw-p 00d37000 08:05 273548                     /usr/lib/jvm/java-8-openjdk/jre/lib/amd64/server/libjvm.so
7fd6f7c31000-7fd6f7c62000 rw-p 00000000 00:00 0 
7fd6f7c62000-7fd6f7e10000 r-xp 00000000 08:05 1056360                    /usr/lib/libc-2.26.so
7fd6f7e10000-7fd6f800f000 ---p 001ae000 08:05 1056360                    /usr/lib/libc-2.26.so
7fd6f800f000-7fd6f8013000 r--p 001ad000 08:05 1056360                    /usr/lib/libc-2.26.so
7fd6f8013000-7fd6f8015000 rw-p 001b1000 08:05 1056360                    /usr/lib/libc-2.26.so
7fd6f8015000-7fd6f8019000 rw-p 00000000 00:00 0 
7fd6f8019000-7fd6f801c000 r-xp 00000000 08:05 1056387                    /usr/lib/libdl-2.26.so
7fd6f801c000-7fd6f821b000 ---p 00003000 08:05 1056387                    /usr/lib/libdl-2.26.so
7fd6f821b000-7fd6f821c000 r--p 00002000 08:05 1056387                    /usr/lib/libdl-2.26.so
7fd6f821c000-7fd6f821d000 rw-p 00003000 08:05 1056387                    /usr/lib/libdl-2.26.so
7fd6f821d000-7fd6f822b000 r-xp 00000000 08:05 273546                     /usr/lib/jvm/java-8-openjdk/jre/lib/amd64/jli/libjli.so
7fd6f822b000-7fd6f842a000 ---p 0000e000 08:05 273546                     /usr/lib/jvm/java-8-openjdk/jre/lib/amd64/jli/libjli.so
7fd6f842a000-7fd6f842b000 r--p 0000d000 08:05 273546                     /usr/lib/jvm/java-8-openjdk/jre/lib/amd64/jli/libjli.so
7fd6f842b000-7fd6f842c000 rw-p 0000e000 08:05 273546                     /usr/lib/jvm/java-8-openjdk/jre/lib/amd64/jli/libjli.so
7fd6f842c000-7fd6f8442000 r-xp 00000000 08:05 1056666                    /usr/lib/libz.so.1.2.11
7fd6f8442000-7fd6f8641000 ---p 00016000 08:05 1056666                    /usr/lib/libz.so.1.2.11
7fd6f8641000-7fd6f8642000 r--p 00015000 08:05 1056666                    /usr/lib/libz.so.1.2.11
7fd6f8642000-7fd6f8643000 rw-p 00016000 08:05 1056666                    /usr/lib/libz.so.1.2.11
7fd6f8643000-7fd6f865c000 r-xp 00000000 08:05 1056577                    /usr/lib/libpthread-2.26.so
7fd6f865c000-7fd6f885b000 ---p 00019000 08:05 1056577                    /usr/lib/libpthread-2.26.so
7fd6f885b000-7fd6f885c000 r--p 00018000 08:05 1056577                    /usr/lib/libpthread-2.26.so
7fd6f885c000-7fd6f885d000 rw-p 00019000 08:05 1056577                    /usr/lib/libpthread-2.26.so
7fd6f885d000-7fd6f8861000 rw-p 00000000 00:00 0 
7fd6f8861000-7fd6f8886000 r-xp 00000000 08:05 1056318                    /usr/lib/ld-2.26.so
7fd6f8888000-7fd6f888a000 r--s 00000000 08:06 784957                     /home/anushri/.cache/fontconfig/6ba42ae0000f58711b5caaf10d690066-le64.cache-7
7fd6f888a000-7fd6f888f000 r--s 002f9000 08:05 273499                     /usr/lib/jvm/java-8-openjdk/jre/lib/charsets.jar
7fd6f888f000-7fd6f8892000 r--s 00015000 08:05 273503                     /usr/lib/jvm/java-8-openjdk/jre/lib/jce.jar
7fd6f8892000-7fd6f88a5000 r--s 00346000 08:05 273509                     /usr/lib/jvm/java-8-openjdk/jre/lib/resources.jar
7fd6f88a5000-7fd6f8949000 rw-p 00000000 00:00 0 
7fd6f8949000-7fd6f894c000 ---p 00000000 00:00 0 
7fd6f894c000-7fd6f8a4e000 rw-p 00000000 00:00 0 
7fd6f8a4f000-7fd6f8a54000 r--s 0009a000 08:05 273505                     /usr/lib/jvm/java-8-openjdk/jre/lib/jsse.jar
7fd6f8a54000-7fd6f8a7b000 rw-p 00000000 00:00 0 
7fd6f8a7b000-7fd6f8a83000 rw-s 00000000 00:2a 803393                     /tmp/hsperfdata_anushri/7658
7fd6f8a83000-7fd6f8a84000 rw-p 00000000 00:00 0 
7fd6f8a84000-7fd6f8a85000 ---p 00000000 00:00 0 
7fd6f8a85000-7fd6f8a86000 r--p 00024000 08:05 1056318                    /usr/lib/ld-2.26.so
7fd6f8a86000-7fd6f8a87000 rw-p 00025000 08:05 1056318                    /usr/lib/ld-2.26.so
7fd6f8a87000-7fd6f8a88000 rw-p 00000000 00:00 0 
7fff6933a000-7fff6935b000 rw-p 00000000 00:00 0                          [stack]
7fff693ab000-7fff693ae000 r--p 00000000 00:00 0                          [vvar]
7fff693ae000-7fff693b0000 r-xp 00000000 00:00 0                          [vdso]
ffffffffff600000-ffffffffff601000 r-xp 00000000 00:00 0                  [vsyscall]

VM Arguments:
jvm_args: -Dfile.encoding=UTF-8 
java_command: launchers.Client1
java_class_path (initial): /usr/lib/jvm/java-8-openjdk/jre/lib/resources.jar:/usr/lib/jvm/java-8-openjdk/jre/lib/rt.jar:/usr/lib/jvm/java-8-openjdk/jre/lib/jsse.jar:/usr/lib/jvm/java-8-openjdk/jre/lib/jce.jar:/usr/lib/jvm/java-8-openjdk/jre/lib/charsets.jar:/usr/lib/jvm/java-8-openjdk/jre/lib/ext/sunjce_provider.jar:/usr/lib/jvm/java-8-openjdk/jre/lib/ext/cldrdata.jar:/usr/lib/jvm/java-8-openjdk/jre/lib/ext/nashorn.jar:/usr/lib/jvm/java-8-openjdk/jre/lib/ext/dnsns.jar:/usr/lib/jvm/java-8-openjdk/jre/lib/ext/jaccess.jar:/usr/lib/jvm/java-8-openjdk/jre/lib/ext/zipfs.jar:/usr/lib/jvm/java-8-openjdk/jre/lib/ext/sunec.jar:/usr/lib/jvm/java-8-openjdk/jre/lib/ext/sunpkcs11.jar:/usr/lib/jvm/java-8-openjdk/jre/lib/ext/localedata.jar:/home/anushri/eclipse-workspace/TrickorTreat/bin:/home/anushri/git/TrickOrTreat/AndersonBeau COMP401 Final Project/bin:/home/anushri/Downloads/oeall22.jar:/home/anushri/git/GIPC/bin
Launcher Type: SUN_STANDARD

Environment Variables:
PATH=/usr/local/sbin:/usr/local/bin:/usr/bin:/usr/lib/jvm/default/bin:/usr/bin/site_perl:/usr/bin/vendor_perl:/usr/bin/core_perl
SHELL=/bin/bash
DISPLAY=:0

Signal Handlers:
SIGSEGV: [libjvm.so+0xaa46c0], sa_mask[0]=11111111011111111101111111111110, sa_flags=SA_RESTART|SA_SIGINFO
SIGBUS: [libjvm.so+0xaa46c0], sa_mask[0]=11111111011111111101111111111110, sa_flags=SA_RESTART|SA_SIGINFO
SIGFPE: [libjvm.so+0x8dc3d0], sa_mask[0]=11111111011111111101111111111110, sa_flags=SA_RESTART|SA_SIGINFO
SIGPIPE: [libjvm.so+0x8dc3d0], sa_mask[0]=11111111011111111101111111111110, sa_flags=SA_RESTART|SA_SIGINFO
SIGXFSZ: [libjvm.so+0x8dc3d0], sa_mask[0]=11111111011111111101111111111110, sa_flags=SA_RESTART|SA_SIGINFO
SIGILL: [libjvm.so+0x8dc3d0], sa_mask[0]=11111111011111111101111111111110, sa_flags=SA_RESTART|SA_SIGINFO
SIGUSR1: SIG_DFL, sa_mask[0]=00000000000000000000000000000000, sa_flags=none
SIGUSR2: [libjvm.so+0x8dc280], sa_mask[0]=00100000000000000000000000000000, sa_flags=SA_RESTART|SA_SIGINFO
SIGHUP: [libjvm.so+0x8dc730], sa_mask[0]=11111111011111111101111111111110, sa_flags=SA_RESTART|SA_SIGINFO
SIGINT: [libjvm.so+0x8dc730], sa_mask[0]=11111111011111111101111111111110, sa_flags=SA_RESTART|SA_SIGINFO
SIGTERM: [libjvm.so+0x8dc730], sa_mask[0]=11111111011111111101111111111110, sa_flags=SA_RESTART|SA_SIGINFO
SIGQUIT: [libjvm.so+0x8dc730], sa_mask[0]=11111111011111111101111111111110, sa_flags=SA_RESTART|SA_SIGINFO


---------------  S Y S T E M  ---------------

OS:DISTRIB_ID=ManjaroLinux
DISTRIB_RELEASE=17.1.2
DISTRIB_CODENAME=Hakoila
DISTRIB_DESCRIPTION="Manjaro Linux"

uname:Linux 4.14.14-1-MANJARO #1 SMP PREEMPT Wed Jan 17 22:34:54 UTC 2018 x86_64
libc:glibc 2.26 NPTL 2.26 
rlimit: STACK 8192k, CORE infinity, NPROC 31212, NOFILE 4096, AS infinity
load average:4.62 3.02 2.38

/proc/meminfo:
MemTotal:        8050692 kB
MemFree:          136284 kB
MemAvailable:      36816 kB
Buffers:            1580 kB
Cached:           522276 kB
SwapCached:            0 kB
Active:          7100888 kB
Inactive:         485368 kB
Active(anon):    7081672 kB
Inactive(anon):   468244 kB
Active(file):      19216 kB
Inactive(file):    17124 kB
Unevictable:          48 kB
Mlocked:              48 kB
SwapTotal:             0 kB
SwapFree:              0 kB
Dirty:               452 kB
Writeback:             0 kB
AnonPages:       7062516 kB
Mapped:           240584 kB
Shmem:            487460 kB
Slab:             104496 kB
SReclaimable:      44796 kB
SUnreclaim:        59700 kB
KernelStack:       14208 kB
PageTables:        89436 kB
NFS_Unstable:          0 kB
Bounce:                0 kB
WritebackTmp:          0 kB
CommitLimit:     4025344 kB
Committed_AS:   15063608 kB
VmallocTotal:   34359738367 kB
VmallocUsed:           0 kB
VmallocChunk:          0 kB
HardwareCorrupted:     0 kB
AnonHugePages:   1132544 kB
ShmemHugePages:        0 kB
ShmemPmdMapped:        0 kB
HugePages_Total:       0
HugePages_Free:        0
HugePages_Rsvd:        0
HugePages_Surp:        0
Hugepagesize:       2048 kB
DirectMap4k:      311696 kB
DirectMap2M:     7956480 kB
DirectMap1G:           0 kB


CPU:total 4 (initial active 4) (2 cores per cpu, 2 threads per core) family 6 model 78 stepping 3, cmov, cx8, fxsr, mmx, sse, sse2, sse3, ssse3, sse4.1, sse4.2, popcnt, avx, avx2, aes, clmul, erms, 3dnowpref, lzcnt, ht, tsc, tscinvbit, bmi1, bmi2, adx

/proc/cpuinfo:
processor	: 0
vendor_id	: GenuineIntel
cpu family	: 6
model		: 78
model name	: Intel(R) Core(TM) i5-6200U CPU @ 2.30GHz
stepping	: 3
microcode	: 0xc2
cpu MHz		: 994.506
cache size	: 3072 KB
physical id	: 0
siblings	: 4
core id		: 0
cpu cores	: 2
apicid		: 0
initial apicid	: 0
fpu		: yes
fpu_exception	: yes
cpuid level	: 22
wp		: yes
flags		: fpu vme de pse tsc msr pae mce cx8 apic sep mtrr pge mca cmov pat pse36 clflush dts acpi mmx fxsr sse sse2 ss ht tm pbe syscall nx pdpe1gb rdtscp lm constant_tsc art arch_perfmon pebs bts rep_good nopl xtopology nonstop_tsc cpuid aperfmperf tsc_known_freq pni pclmulqdq dtes64 monitor ds_cpl vmx est tm2 ssse3 sdbg fma cx16 xtpr pdcm pcid sse4_1 sse4_2 x2apic movbe popcnt tsc_deadline_timer aes xsave avx f16c rdrand lahf_lm abm 3dnowprefetch cpuid_fault epb invpcid_single pti retpoline intel_pt tpr_shadow vnmi flexpriority ept vpid fsgsbase tsc_adjust bmi1 avx2 smep bmi2 erms invpcid mpx rdseed adx smap clflushopt xsaveopt xsavec xgetbv1 xsaves dtherm ida arat pln pts hwp hwp_notify hwp_act_window hwp_epp
bugs		: cpu_meltdown spectre_v1 spectre_v2
bogomips	: 4801.00
clflush size	: 64
cache_alignment	: 64
address sizes	: 39 bits physical, 48 bits virtual
power management:

processor	: 1
vendor_id	: GenuineIntel
cpu family	: 6
model		: 78
model name	: Intel(R) Core(TM) i5-6200U CPU @ 2.30GHz
stepping	: 3
microcode	: 0xc2
cpu MHz		: 1009.011
cache size	: 3072 KB
physical id	: 0
siblings	: 4
core id		: 1
cpu cores	: 2
apicid		: 2
initial apicid	: 2
fpu		: yes
fpu_exception	: yes
cpuid level	: 22
wp		: yes
flags		: fpu vme de pse tsc msr pae mce cx8 apic sep mtrr pge mca cmov pat pse36 clflush dts acpi mmx fxsr sse sse2 ss ht tm pbe syscall nx pdpe1gb rdtscp lm constant_tsc art arch_perfmon pebs bts rep_good nopl xtopology nonstop_tsc cpuid aperfmperf tsc_known_freq pni pclmulqdq dtes64 monitor ds_cpl vmx est tm2 ssse3 sdbg fma cx16 xtpr pdcm pcid sse4_1 sse4_2 x2apic movbe popcnt tsc_deadline_timer aes xsave avx f16c rdrand lahf_lm abm 3dnowprefetch cpuid_fault epb invpcid_single pti retpoline intel_pt tpr_shadow vnmi flexpriority ept vpid fsgsbase tsc_adjust bmi1 avx2 smep bmi2 erms invpcid mpx rdseed adx smap clflushopt xsaveopt xsavec xgetbv1 xsaves dtherm ida arat pln pts hwp hwp_notify hwp_act_window hwp_epp
bugs		: cpu_meltdown spectre_v1 spectre_v2
bogomips	: 4801.00
clflush size	: 64
cache_alignment	: 64
address sizes	: 39 bits physical, 48 bits virtual
power management:

processor	: 2
vendor_id	: GenuineIntel
cpu family	: 6
model		: 78
model name	: Intel(R) Core(TM) i5-6200U CPU @ 2.30GHz
stepping	: 3
microcode	: 0xc2
cpu MHz		: 1010.063
cache size	: 3072 KB
physical id	: 0
siblings	: 4
core id		: 0
cpu cores	: 2
apicid		: 1
initial apicid	: 1
fpu		: yes
fpu_exception	: yes
cpuid level	: 22
wp		: yes
flags		: fpu vme de pse tsc msr pae mce cx8 apic sep mtrr pge mca cmov pat pse36 clflush dts acpi mmx fxsr sse sse2 ss ht tm pbe syscall nx pdpe1gb rdtscp lm constant_tsc art arch_perfmon pebs bts rep_good nopl xtopology nonstop_tsc cpuid aperfmperf tsc_known_freq pni pclmulqdq dtes64 monitor ds_cpl vmx est tm2 ssse3 sdbg fma cx16 xtpr pdcm pcid sse4_1 sse4_2 x2apic movbe popcnt tsc_deadline_timer aes xsave avx f16c rdrand lahf_lm abm 3dnowprefetch cpuid_fault epb invpcid_single pti retpoline intel_pt tpr_shadow vnmi flexpriority ept vpid fsgsbase tsc_adjust bmi1 avx2 smep bmi2 erms invpcid mpx rdseed adx smap clflushopt xsaveopt xsavec xgetbv1 xsaves dtherm ida arat pln pts hwp hwp_notify hwp_act_window hwp_epp
bugs		: cpu_meltdown spectre_v1 spectre_v2
bogomips	: 4801.00
clflush size	: 64
cache_alignment	: 64
address sizes	: 39 bits physical, 48 bits virtual
power management:

processor	: 3
vendor_id	: GenuineIntel
cpu family	: 6
model		: 78
model name	: Intel(R) Core(TM) i5-6200U CPU @ 2.30GHz
stepping	: 3
microcode	: 0xc2
cpu MHz		: 1003.015
cache size	: 3072 KB
physical id	: 0
siblings	: 4
core id		: 1
cpu cores	: 2
apicid		: 3
initial apicid	: 3
fpu		: yes
fpu_exception	: yes
cpuid level	: 22
wp		: yes
flags		: fpu vme de pse tsc msr pae mce cx8 apic sep mtrr pge mca cmov pat pse36 clflush dts acpi mmx fxsr sse sse2 ss ht tm pbe syscall nx pdpe1gb rdtscp lm constant_tsc art arch_perfmon pebs bts rep_good nopl xtopology nonstop_tsc cpuid aperfmperf tsc_known_freq pni pclmulqdq dtes64 monitor ds_cpl vmx est tm2 ssse3 sdbg fma cx16 xtpr pdcm pcid sse4_1 sse4_2 x2apic movbe popcnt tsc_deadline_timer aes xsave avx f16c rdrand lahf_lm abm 3dnowprefetch cpuid_fault epb invpcid_single pti retpoline intel_pt tpr_shadow vnmi flexpriority ept vpid fsgsbase tsc_adjust bmi1 avx2 smep bmi2 erms invpcid mpx rdseed adx smap clflushopt xsaveopt xsavec xgetbv1 xsaves dtherm ida arat pln pts hwp hwp_notify hwp_act_window hwp_epp
bugs		: cpu_meltdown spectre_v1 spectre_v2
bogomips	: 4801.00
clflush size	: 64
cache_alignment	: 64
address sizes	: 39 bits physical, 48 bits virtual
power management:



Memory: 4k page, physical 8050692k(136284k free), swap 0k(0k free)

vm_info: OpenJDK 64-Bit Server VM (25.144-b01) for linux-amd64 JRE (1.8.0_144-b01), built on Jul 28 2017 20:07:18 by "builduser" with gcc 7.1.1 20170630

time: Thu Mar 22 23:23:52 2018
elapsed time: 167 seconds (0d 0h 2m 47s)

